#
# There is insufficient memory for the Java Runtime Environment to continue.
# Native memory allocation (malloc) failed to allocate 1048576 bytes for AllocateHeap
# Possible reasons:
#   The system is out of physical RAM or swap space
#   In 32 bit mode, the process size limit was hit
# Possible solutions:
#   Reduce memory load on the system
#   Increase physical memory or swap space
#   Check if swap backing store is full
#   Use 64 bit Java on a 64 bit OS
#   Decrease Java heap size (-Xmx/-Xms)
#   Decrease number of Java threads
#   Decrease Java thread stack sizes (-Xss)
#   Set larger code cache with -XX:ReservedCodeCacheSize=
# This output file may be truncated or incomplete.
#
#  Out of Memory Error (memory/allocation.inline.hpp:61), pid=17616, tid=19084
#
# JRE version:  (8.0_60-b27) (build )
# Java VM: Java HotSpot(TM) 64-Bit Server VM (25.60-b23 mixed mode windows-amd64 compressed oops)
# Failed to write core dump. Minidumps are not enabled by default on client versions of Windows
#

---------------  T H R E A D  ---------------

Current thread (0x0000000002218000):  JavaThread "Unknown thread" [_thread_in_vm, id=19084, stack(0x00000000024e0000,0x00000000025e0000)]

Stack: [0x00000000024e0000,0x00000000025e0000]
[error occurred during error reporting (printing stack bounds), id 0xc0000005]

Native frames: (J=compiled Java code, j=interpreted, Vv=VM code, C=native code)


---------------  P R O C E S S  ---------------

Java Threads: ( => current thread )

Other Threads:

=>0x0000000002218000 (exited) JavaThread "Unknown thread" [_thread_in_vm, id=19084, stack(0x00000000024e0000,0x00000000025e0000)]

VM state:not at safepoint (normal execution)

VM Mutex/Monitor currently owned by a thread: None

Heap:
 PSYoungGen      total 38400K, used 665K [0x00000000d5d80000, 0x00000000d8800000, 0x0000000100000000)
  eden space 33280K, 2% used [0x00000000d5d80000,0x00000000d5e26670,0x00000000d7e00000)
  from space 5120K, 0% used [0x00000000d8300000,0x00000000d8300000,0x00000000d8800000)
  to   space 5120K, 0% used [0x00000000d7e00000,0x00000000d7e00000,0x00000000d8300000)
 ParOldGen       total 87552K, used 0K [0x0000000081800000, 0x0000000086d80000, 0x00000000d5d80000)
  object space 87552K, 0% used [0x0000000081800000,0x0000000081800000,0x0000000086d80000)
 Metaspace       used 767K, capacity 4480K, committed 4480K, reserved 1056768K
  class space    used 75K, capacity 384K, committed 384K, reserved 1048576K

Card table byte_map: [0x0000000011c70000,0x0000000012070000] byte_map_base: 0x0000000011864000

Marking Bits: (ParMarkBitMap*) 0x000000006735a5b0
 Begin Bits: [0x0000000012960000, 0x0000000014900000)
 End Bits:   [0x0000000014900000, 0x00000000168a0000)

Polling page: 0x0000000000120000

CodeCache: size=245760Kb used=328Kb max_used=328Kb free=245431Kb
 bounds [0x00000000028b0000, 0x0000000002b20000, 0x00000000118b0000]
 total_blobs=57 nmethods=0 adapters=37
 compilation: enabled

Compilation events (0 events):
No events

GC Heap History (0 events):
No events

Deoptimization events (0 events):
No events

Internal exceptions (0 events):
No events

Events (10 events):
Event: 0.040 loading class java/lang/Short
Event: 0.040 loading class java/lang/Short done
Event: 0.040 loading class java/lang/Integer
Event: 0.040 loading class java/lang/Integer done
Event: 0.040 loading class java/lang/Long
Event: 0.040 loading class java/lang/Long done
Event: 0.040 loading class java/lang/NullPointerException
Event: 0.040 loading class java/lang/NullPointerException done
Event: 0.040 loading class java/lang/ArithmeticException
Event: 0.040 loading class java/lang/ArithmeticException done


Dynamic libraries:
0x000000013f6b0000 - 0x000000013f6e7000 	C:\Java\JDK\jdk1.8.0\bin\javaw.exe
0x0000000077c30000 - 0x0000000077dda000 	C:\Windows\SYSTEM32\ntdll.dll
0x0000000077b10000 - 0x0000000077c2f000 	C:\Windows\system32\kernel32.dll
0x000007fefdc50000 - 0x000007fefdcba000 	C:\Windows\system32\KERNELBASE.dll
0x000007fefdd50000 - 0x000007fefde2b000 	C:\Windows\system32\ADVAPI32.dll
0x000007fefe190000 - 0x000007fefe22f000 	C:\Windows\system32\msvcrt.dll
0x000007fefe440000 - 0x000007fefe45f000 	C:\Windows\SYSTEM32\sechost.dll
0x000007feffd00000 - 0x000007feffe2d000 	C:\Windows\system32\RPCRT4.dll
0x0000000077a10000 - 0x0000000077b0a000 	C:\Windows\system32\USER32.dll
0x000007fefe090000 - 0x000007fefe0f7000 	C:\Windows\system32\GDI32.dll
0x000007fefe960000 - 0x000007fefe96e000 	C:\Windows\system32\LPK.dll
0x000007feff8a0000 - 0x000007feff96a000 	C:\Windows\system32\USP10.dll
0x000007fefc3b0000 - 0x000007fefc5a4000 	C:\Windows\WinSxS\amd64_microsoft.windows.common-controls_6595b64144ccf1df_6.0.7601.18837_none_fa3b1e3d17594757\COMCTL32.dll
0x000007fefe110000 - 0x000007fefe181000 	C:\Windows\system32\SHLWAPI.dll
0x000007fefde30000 - 0x000007fefde5e000 	C:\Windows\system32\IMM32.DLL
0x000007feffe30000 - 0x000007fefff39000 	C:\Windows\system32\MSCTF.dll
0x00000000673e0000 - 0x00000000674b2000 	C:\Java\JDK\jdk1.8.0\jre\bin\msvcr100.dll
0x0000000066b50000 - 0x00000000673d9000 	C:\Java\JDK\jdk1.8.0\jre\bin\server\jvm.dll
0x000007fef6720000 - 0x000007fef6729000 	C:\Windows\system32\WSOCK32.dll
0x000007fefe040000 - 0x000007fefe08d000 	C:\Windows\system32\WS2_32.dll
0x000007fefe100000 - 0x000007fefe108000 	C:\Windows\system32\NSI.dll
0x000007fefaca0000 - 0x000007fefacdb000 	C:\Windows\system32\WINMM.dll
0x000007fefcc20000 - 0x000007fefcc2c000 	C:\Windows\system32\VERSION.dll
0x0000000077df0000 - 0x0000000077df7000 	C:\Windows\system32\PSAPI.DLL
0x0000000067590000 - 0x000000006759f000 	C:\Java\JDK\jdk1.8.0\jre\bin\verify.dll
0x0000000067560000 - 0x0000000067589000 	C:\Java\JDK\jdk1.8.0\jre\bin\java.dll
0x0000000067540000 - 0x0000000067556000 	C:\Java\JDK\jdk1.8.0\jre\bin\zip.dll

VM Arguments:
jvm_args: -Dfile.encoding=UTF-8 
java_command: es.ruben_Jsoup.App
java_class_path (initial): D:\Workspace\ALTIA\ruben-Jsoup\target\classes;D:\Workspace\ALTIA\ruben-Jsoup\src\jsoup-1.10.2.jar;D:\Workspace\ALTIA\ruben-Jsoup\src\main\java\client-combined-3.3.1-nodeps.jar;C:\Users\ruben.merino\Desktop\selenium-server-standalone-3.3.1.jar;D:\Workspace\ALTIA\_entorno\_maven_repository\org\seleniumhq\selenium\selenium-java\3.3.1\selenium-java-3.3.1.jar;D:\Workspace\ALTIA\_entorno\_maven_repository\org\seleniumhq\selenium\selenium-chrome-driver\3.3.1\selenium-chrome-driver-3.3.1.jar;D:\Workspace\ALTIA\_entorno\_maven_repository\org\seleniumhq\selenium\selenium-edge-driver\3.3.1\selenium-edge-driver-3.3.1.jar;D:\Workspace\ALTIA\_entorno\_maven_repository\org\seleniumhq\selenium\selenium-ie-driver\3.3.1\selenium-ie-driver-3.3.1.jar;D:\Workspace\ALTIA\_entorno\_maven_repository\org\seleniumhq\selenium\selenium-opera-driver\3.3.1\selenium-opera-driver-3.3.1.jar;D:\Workspace\ALTIA\_entorno\_maven_repository\org\seleniumhq\selenium\selenium-safari-driver\3.3.1\selenium-safari-driver-3.3.1.jar;D:\Workspace\ALTIA\_entorno\_maven_repository\com\codeborne\phantomjsdriver\1.4.0\phantomjsdriver-1.4.0.jar;D:\Workspace\ALTIA\_entorno\_maven_repository\org\seleniumhq\selenium\htmlunit-driver\2.24\htmlunit-driver-2.24.jar;D:\Workspace\ALTIA\_entorno\_maven_repository\org\seleniumhq\selenium\selenium-support\3.3.1\selenium-support-3.3.1.jar;D:\Workspace\ALTIA\_entorno\_maven_repository\org\hamcrest\hamcrest-library\1.3\hamcrest-library-1.3.jar;D:\Workspace\ALTIA\_entorno\_maven_repository\org\hamcrest\hamcrest-core\1.3\hamcrest-core-1.3.jar;D:\Workspace\ALTIA\_entorno\_maven_repository\net\sourceforge\htmlunit\htmlunit\2.24\htmlunit-2.24.jar;D:\Workspace\ALTIA\_entorno\_maven_repository\xalan\xalan\2.7.2\xalan-2.7.2.jar;D:\Workspace\ALTIA\_entorno\_maven_repository\xalan\serializer\2.7.2\serializer-2.7.2.jar;D:\Workspace\ALTIA\_entorno\_maven_repository\org\apache\commons\commons-lang3\3.5\commons-lang3-3.5.jar;D:\Workspace\ALTIA\_entorno\_maven_reposit
Launcher Type: SUN_STANDARD

Environment Variables:
JAVA_HOME=C:\Java\JDK\jdk1.8.0
PATH=C:\Java\JDK\jdk1.8.0/bin;C:\Program Files (x86)\Intel\iCLS Client\;C:\Program Files\Intel\iCLS Client\;C:\Windows\system32;C:\Windows;C:\Windows\System32\Wbem;C:\Windows\System32\WindowsPowerShell\v1.0\;C:\Program Files\Intel\WiFi\bin\;C:\Program Files\Common Files\Intel\WirelessCommon\;C:\Program Files (x86)\Intel\Intel(R) Management Engine Components\DAL;C:\Program Files\Intel\Intel(R) Management Engine Components\DAL;C:\Program Files (x86)\Intel\Intel(R) Management Engine Components\IPT;C:\Program Files\Intel\Intel(R) Management Engine Components\IPT;C:\Users\ruben.merino\AppData\Local\Continuum\Anaconda3;C:\Users\ruben.merino\AppData\Local\Continuum\Anaconda3\Scripts;C:\Users\ruben.merino\AppData\Local\Continuum\Anaconda3\Library\bin
USERNAME=ruben.merino
OS=Windows_NT
PROCESSOR_IDENTIFIER=Intel64 Family 6 Model 78 Stepping 3, GenuineIntel



---------------  S Y S T E M  ---------------

OS: Windows 7 , 64 bit Build 7601 (6.1.7601.23677)

CPU:total 4 (2 cores per cpu, 2 threads per core) family 6 model 78 stepping 3, cmov, cx8, fxsr, mmx, sse, sse2, sse3, ssse3, sse4.1, sse4.2, popcnt, avx, avx2, aes, clmul, erms, 3dnowpref, lzcnt, ht, tsc, tscinvbit, bmi1, bmi2, adx

Memory: 4k page, physical 8282720k(935464k free), swap 33119236k(20308k free)

vm_info: Java HotSpot(TM) 64-Bit Server VM (25.60-b23) for windows-amd64 JRE (1.8.0_60-b27), built on Aug  4 2015 11:06:27 by "java_re" with MS VC++ 10.0 (VS2010)

time: Tue Apr 04 12:26:31 2017
elapsed time: 0 seconds (0d 0h 0m 0s)

